<?xml version="1.0" encoding="UTF-8"?>
<!-- Generated by org.testng.reporters.JUnitXMLReporter -->
<testsuite hostname="IN5CG9292KLF" ignored="0" name="Test" tests="4" failures="0" timestamp="2019-10-13T23:09:02 IST" time="0.052" errors="0">
  <testcase name="browserChromeAutomation1" time="0.007" classname="TestMavenPackage.ChromeSeleniumTest"/>
  <testcase name="browserChromeAutomation2" time="0.0" classname="TestMavenPackage.ChromeSeleniumTest"/>
  <testcase name="browserIEAutomation1" time="0.001" classname="TestMavenPackage.IESeleniumTest"/>
  <testcase name="browserIEAutomation2" time="0.0" classname="TestMavenPackage.IESeleniumTest"/>
</testsuite> <!-- Test -->
